Arguments: 
  /Users/dwb/.nvm/versions/node/v10.13.0/bin/node /usr/local/bin/yarn install --silent

PATH: 
  /Users/dwb/.nvm/versions/node/v10.13.0/bin:/usr/local/bin:/usr/bin:/bin:/usr/sbin:/sbin:/Applications/Wireshark.app/Contents/MacOS

Yarn version: 
  1.5.1

Node version: 
  10.13.0

Platform: 
  darwin x64

npm manifest: 
  {
    "name": "nest-test",
    "version": "1.0.0",
    "description": "this is nest project practice",
    "author": "ganlingchang",
    "license": "MIT",
    "scripts": {
      "build": "tsc -p tsconfig.build.json",
      "format": "prettier --write \"src/**/*.ts\"",
      "start": "ts-node -r tsconfig-paths/register src/main.ts",
      "start:dev": "nodemon",
      "start:debug": "nodemon --config nodemon-debug.json",
      "prestart:prod": "rimraf dist && npm run build",
      "start:prod": "node dist/main.js",
      "lint": "tslint -p tsconfig.json -c tslint.json",
      "test": "jest",
      "test:watch": "jest --watch",
      "test:cov": "jest --coverage",
      "test:debug": "node --inspect-brk -r tsconfig-paths/register -r ts-node/register node_modules/.bin/jest --runInBand",
      "test:e2e": "jest --config ./test/jest-e2e.json"
    },
    "dependencies": {
      "@nestjs/common": "^5.4.0",
      "@nestjs/core": "^5.4.0", 
      "reflect-metadata": "^0.1.12",
      "rimraf": "^2.6.2",
      "rxjs": "^6.2.2",
      "typescript": "^3.0.1"
    },
    "devDependencies": {
      "@nestjs/testing": "^5.1.0",
      "@types/express": "^4.16.0",
      "@types/jest": "^23.3.1",
      "@types/node": "^10.7.1",
      "@types/supertest": "^2.0.5",
      "jest": "^23.5.0",
      "nodemon": "^1.18.3",
      "prettier": "^1.14.2",
      "supertest": "^3.1.0",
      "ts-jest": "^23.1.3",
      "ts-loader": "^4.4.2",
      "ts-node": "^7.0.1",
      "tsconfig-paths": "^3.5.0",
      "tslint": "5.11.0"
    },
    "jest": {
      "moduleFileExtensions": ["js", "json", "ts"],
      "rootDir": "src",
      "testRegex": ".spec.ts$",
      "transform": {
        "^.+\\.(t|j)s$": "ts-jest"
      },
      "coverageDirectory": "../coverage",
      "testEnvironment": "node"
    }
  }

yarn manifest: 
  No manifest

Lockfile: 
  No lockfile

Trace: 
  Error: http://r.cnpmjs.org/typescript/download/typescript-3.4.5.tgz: unexpected end of file
      at Zlib.zlibOnError [as onerror] (zlib.js:154:17)
